<?xml version="1.0" encoding="UTF-8"?>
<!-- Generated by org.testng.reporters.JUnitReportReporter -->
<testsuite skipped="0" hostname="Nasirs-MacBook-Pro.local" name="login.SearchTest" tests="5" failures="0" timestamp="2021-07-17T00:52:32 EDT" time="5.695" errors="0">
  <testcase name="verifySearchProductCap" time="0.922" classname="login.SearchTest"/>
  <system-out>
<a href='/Users/nasiruddin/IdeaProjects/seleniumHomeWork/src/main/java/failure_screenshots/verifySearchProductCap_17_07_2021_12_52_28.png'> <image src='/Users/nasiruddin/IdeaProjects/seleniumHomeWork/src/main/java/failure_screenshots/verifySearchProductCap_17_07_2021_12_52_28.png' height='100' width='100'/> </a>  </system-out>
  <testcase name="verifySearchProductTops" time="1.017" classname="login.SearchTest"/>
  <system-out>
<a href='/Users/nasiruddin/IdeaProjects/seleniumHomeWork/src/main/java/failure_screenshots/verifySearchProductTops_17_07_2021_12_52_29.png'> <image src='/Users/nasiruddin/IdeaProjects/seleniumHomeWork/src/main/java/failure_screenshots/verifySearchProductTops_17_07_2021_12_52_29.png' height='100' width='100'/> </a>  </system-out>
  <testcase name="verifySearchProductTshirt" time="1.187" classname="login.SearchTest"/>
  <system-out>
<a href='/Users/nasiruddin/IdeaProjects/seleniumHomeWork/src/main/java/failure_screenshots/verifySearchProductTshirt_17_07_2021_12_52_31.png'> <image src='/Users/nasiruddin/IdeaProjects/seleniumHomeWork/src/main/java/failure_screenshots/verifySearchProductTshirt_17_07_2021_12_52_31.png' height='100' width='100'/> </a>  </system-out>
  <testcase name="verifySearchShoes" time="1.670" classname="login.SearchTest"/>
  <system-out>
<a href='/Users/nasiruddin/IdeaProjects/seleniumHomeWork/src/main/java/failure_screenshots/verifySearchShoes_17_07_2021_12_52_27.png'> <image src='/Users/nasiruddin/IdeaProjects/seleniumHomeWork/src/main/java/failure_screenshots/verifySearchShoes_17_07_2021_12_52_27.png' height='100' width='100'/> </a>  </system-out>
  <testcase name="verifySearchProductDress" time="0.899" classname="login.SearchTest"/>
  <system-out>
<a href='/Users/nasiruddin/IdeaProjects/seleniumHomeWork/src/main/java/failure_screenshots/verifySearchProductDress_17_07_2021_12_52_32.png'> <image src='/Users/nasiruddin/IdeaProjects/seleniumHomeWork/src/main/java/failure_screenshots/verifySearchProductDress_17_07_2021_12_52_32.png' height='100' width='100'/> </a>  </system-out>
</testsuite> <!-- login.SearchTest -->
