<?xml version="1.0" encoding="UTF-8"?>
<!-- Generated by org.testng.reporters.JUnitReportReporter -->
<testsuite skipped="0" hostname="Nasirs-MacBook-Pro.local" name="login.TshirtButtonTest" tests="1" failures="0" timestamp="2021-07-16T21:47:28 EDT" time="2.599" errors="0">
  <testcase name="verifyWomenButtonWorkProperly" time="2.599" classname="login.TshirtButtonTest"/>
  <system-out>
<a href='/Users/nasiruddin/IdeaProjects/seleniumHomeWork/src/main/java/failure_screenshots/verifyWomenButtonWorkProperly_16_07_2021_09_47_22.png'> <image src='/Users/nasiruddin/IdeaProjects/seleniumHomeWork/src/main/java/failure_screenshots/verifyWomenButtonWorkProperly_16_07_2021_09_47_22.png' height='100' width='100'/> </a>  </system-out>
</testsuite> <!-- login.TshirtButtonTest -->
