<?xml version="1.0" encoding="UTF-8"?>
<!-- Generated by org.testng.reporters.JUnitReportReporter -->
<testsuite skipped="0" hostname="Nasirs-MacBook-Pro.local" name="login.OverViewPageTest" tests="1" failures="0" timestamp="2021-07-16T21:47:28 EDT" time="0.140" errors="0">
  <testcase name="verifyMouseOverDisplayed" time="0.140" classname="login.OverViewPageTest"/>
  <system-out>
<a href='/Users/nasiruddin/IdeaProjects/seleniumHomeWork/src/main/java/failure_screenshots/verifyMouseOverDisplayed_16_07_2021_09_47_27.png'> <image src='/Users/nasiruddin/IdeaProjects/seleniumHomeWork/src/main/java/failure_screenshots/verifyMouseOverDisplayed_16_07_2021_09_47_27.png' height='100' width='100'/> </a>  </system-out>
</testsuite> <!-- login.OverViewPageTest -->
